
> starter@1.0.0 e2e:base E:\Rice\secondterm\COMP531\inclass-14\mockingnew\mocking
> mocha --opts e2e/mocha.opts e2e/*.spec.js "--reporter" "xunit"

<testsuite name="Mocha Tests" tests="2" failures="1" errors="1" skipped="0" timestamp="Thu, 02 Mar 2017 04:53:09 GMT" time="10.207">
<testcase classname="Test Dummy Server Example Page" name="should log in as the test user" time="0.603"/>
<testcase classname="Test Dummy Server Example Page" name="Update the headline and verify the change" time="0"><failure>expected '&quot;a new headline&quot;' to equal '&quot;new headline message&quot;'
AssertionError: expected '&quot;a new headline&quot;' to equal '&quot;new headline message&quot;'
    at E:/Rice/secondterm/COMP531/inclass-14/mockingnew/mocking/e2e/login.spec.js:43:62
    at ManagedPromise.invokeCallback_ (E:\Rice\secondterm\COMP531\inclass-14\mockingnew\mocking\node_modules\selenium-webdriver\lib\promise.js:1379:14)
    at TaskQueue.execute_ (E:\Rice\secondterm\COMP531\inclass-14\mockingnew\mocking\node_modules\selenium-webdriver\lib\promise.js:2913:14)
    at TaskQueue.executeNext_ (E:\Rice\secondterm\COMP531\inclass-14\mockingnew\mocking\node_modules\selenium-webdriver\lib\promise.js:2896:21)
    at asyncRun (E:\Rice\secondterm\COMP531\inclass-14\mockingnew\mocking\node_modules\selenium-webdriver\lib\promise.js:2775:27)
    at E:\Rice\secondterm\COMP531\inclass-14\mockingnew\mocking\node_modules\selenium-webdriver\lib\promise.js:639:7
    at process._tickCallback (internal/process/next_tick.js:103:7)</failure></testcase>
</testsuite>
